11:14:42.998 [main] DEBUG org.testng.log4testng.Logger.debug(Logger.java:82)oggger - suiteXmlPath: "C:\Users\Sunny\IdeaProjects\JavaFramework\master.xml"
11:14:43.311 [main] INFO  org.testng.log4testng.Logger.info(Logger.java:112)oggger - [TestNG] Running:
  C:\Users\Sunny\IdeaProjects\JavaFramework\master.xml

11:14:46.158 [main] INFO  testCases.TC001.homePageTestMethod(TC001.java:23)oggger - Test Case Started
11:14:46.950 [main] INFO  testCases.TC001.registerPageTestMethod(TC001.java:39)oggger - Registration Page testcase started
11:14:48.329 [main] INFO  testCases.TC001.registerPageTestMethod(TC001.java:51)oggger - Matching title of the page
11:14:50.901 [main] INFO  testCases.TC002LoginTestCase.LoginPage(TC002LoginTestCase.java:14)oggger - ***************Test case Started************
11:22:05.485 [main] DEBUG org.testng.log4testng.Logger.debug(Logger.java:82)oggger - suiteXmlPath: "C:\Users\Sunny\IdeaProjects\JavaFramework\master.xml"
11:22:05.837 [main] INFO  org.testng.log4testng.Logger.info(Logger.java:112)oggger - [TestNG] Running:
  C:\Users\Sunny\IdeaProjects\JavaFramework\master.xml

11:22:09.016 [main] INFO  testCases.TC001.homePageTestMethod(TC001.java:23)oggger - Test Case Started
11:22:09.885 [main] INFO  testCases.TC001.registerPageTestMethod(TC001.java:39)oggger - Registration Page testcase started
11:22:11.348 [main] INFO  testCases.TC001.registerPageTestMethod(TC001.java:51)oggger - Matching title of the page
11:22:14.014 [main] INFO  testCases.TC002LoginTestCase.LoginPage(TC002LoginTestCase.java:14)oggger - ***************Test case Started************
11:23:19.788 [main] DEBUG org.testng.log4testng.Logger.debug(Logger.java:82)oggger - suiteXmlPath: "C:\Users\Sunny\IdeaProjects\JavaFramework\master.xml"
11:23:20.064 [main] INFO  org.testng.log4testng.Logger.info(Logger.java:112)oggger - [TestNG] Running:
  C:\Users\Sunny\IdeaProjects\JavaFramework\master.xml

11:23:23.535 [main] INFO  testCases.TC001.homePageTestMethod(TC001.java:23)oggger - Test Case Started
11:23:24.343 [main] INFO  testCases.TC001.registerPageTestMethod(TC001.java:39)oggger - Registration Page testcase started
11:23:25.700 [main] INFO  testCases.TC001.registerPageTestMethod(TC001.java:51)oggger - Matching title of the page
11:23:28.029 [main] INFO  testCases.TC002LoginTestCase.LoginPage(TC002LoginTestCase.java:14)oggger - ***************Test case Started************
11:23:56.608 [main] DEBUG org.testng.log4testng.Logger.debug(Logger.java:82)oggger - suiteXmlPath: "C:\Users\Sunny\IdeaProjects\JavaFramework\master.xml"
11:23:56.894 [main] INFO  org.testng.log4testng.Logger.info(Logger.java:112)oggger - [TestNG] Running:
  C:\Users\Sunny\IdeaProjects\JavaFramework\master.xml

11:23:59.967 [main] INFO  testCases.TC001.homePageTestMethod(TC001.java:23)oggger - Test Case Started
11:24:00.778 [main] INFO  testCases.TC001.registerPageTestMethod(TC001.java:39)oggger - Registration Page testcase started
11:24:02.302 [main] INFO  testCases.TC001.registerPageTestMethod(TC001.java:51)oggger - Matching title of the page
11:24:04.717 [main] INFO  testCases.TC002LoginTestCase.LoginPage(TC002LoginTestCase.java:14)oggger - ***************Test case Started************
11:24:06.863 [main] INFO  testCases.TC002LoginTestCase.LoginPage(TC002LoginTestCase.java:36)oggger - ************TestCase Ends*********************
